<?xml version="1.0" encoding="UTF-8"?>
<!-- Generated by org.testng.reporters.JUnitXMLReporter -->
<testsuite ignored="6" hostname="The-Beast" failures="0" tests="0" name="FunctionalTests" time="0.437" errors="0" timestamp="2023-11-21T13:12:31 IST">
  <testcase classname="com.testing.amazon.tests.functional.SignUpTest" name="signUpWithInvalidEmailTest" time="0.0">
    <ignored/>
  </testcase> <!-- signUpWithInvalidEmailTest -->
  <testcase classname="com.testing.amazon.tests.functional.SignUpTest" name="signUpWithInvalidPhoneNumberTest" time="0.0">
    <ignored/>
  </testcase> <!-- signUpWithInvalidPhoneNumberTest -->
  <testcase classname="com.testing.amazon.tests.functional.SignUpTest" name="signUpWithInvalidUserNameTest" time="0.0">
    <ignored/>
  </testcase> <!-- signUpWithInvalidUserNameTest -->
  <testcase classname="com.testing.amazon.tests.functional.SignUpTest" name="signUpWithInvalidPasswordCheckTest" time="0.0">
    <ignored/>
  </testcase> <!-- signUpWithInvalidPasswordCheckTest -->
  <testcase classname="com.testing.amazon.tests.functional.SignUpTest" name="signUpWithEmptyCredTest" time="0.0">
    <ignored/>
  </testcase> <!-- signUpWithEmptyCredTest -->
  <testcase classname="com.testing.amazon.tests.functional.SignUpTest" name="signUpWithInvalidPasswordTest" time="0.0">
    <ignored/>
  </testcase> <!-- signUpWithInvalidPasswordTest -->
</testsuite> <!-- FunctionalTests -->
