<?xml version="1.0" encoding="UTF-8"?>
<!-- Generated by org.testng.reporters.JUnitXMLReporter -->
<testsuite ignored="5" hostname="The-Beast" failures="0" tests="1" name="FunctionalTests" time="19.427" errors="0" timestamp="2023-11-20T11:33:27 IST">
  <testcase classname="com.testing.amazon.tests.functional.SignUpTest" name="signUpWithEmptyCredTest" time="1.03"/>
  <testcase classname="com.testing.amazon.tests.functional.SignUpTest" name="signUpWithInvalidPasswordCheckTest" time="0.0">
    <ignored/>
  </testcase> <!-- signUpWithInvalidPasswordCheckTest -->
  <testcase classname="com.testing.amazon.tests.functional.SignUpTest" name="signUpWithInvalidPhoneNumberTest" time="0.0">
    <ignored/>
  </testcase> <!-- signUpWithInvalidPhoneNumberTest -->
  <testcase classname="com.testing.amazon.tests.functional.SignUpTest" name="signUpWithInvalidUserNameTest" time="0.0">
    <ignored/>
  </testcase> <!-- signUpWithInvalidUserNameTest -->
  <testcase classname="com.testing.amazon.tests.functional.SignUpTest" name="signUpWithInvalidEmailTest" time="0.0">
    <ignored/>
  </testcase> <!-- signUpWithInvalidEmailTest -->
  <testcase classname="com.testing.amazon.tests.functional.SignUpTest" name="signUpWithInvalidPasswordTest" time="0.0">
    <ignored/>
  </testcase> <!-- signUpWithInvalidPasswordTest -->
</testsuite> <!-- FunctionalTests -->
