<?xml version="1.0" encoding="UTF-8"?>
<testng-results ignored="0" total="1" passed="1" failed="0" skipped="0">
  <reporter-output>
  </reporter-output>
  <suite started-at="2023-11-20T12:49:22 IST" name="CombinedSuites" finished-at="2023-11-20T12:49:22 IST" duration-ms="0">
    <groups>
    </groups>
  </suite> <!-- CombinedSuites -->
  <suite started-at="2023-11-20T12:48:59 IST" name="MyFIUSuite" finished-at="2023-11-20T12:49:22 IST" duration-ms="22974">
    <groups>
    </groups>
    <test started-at="2023-11-20T12:48:59 IST" name="FunctionalTests" finished-at="2023-11-20T12:49:22 IST" duration-ms="22974">
      <class name="com.testing.amazon.tests.functional.SignUpTest">
        <test-method is-config="true" signature="setUpTestData()[pri:0, instance:com.testing.amazon.tests.functional.SignUpTest@627d8516]" started-at="2023-11-20T12:48:59 IST" name="setUpTestData" finished-at="2023-11-20T12:48:59 IST" duration-ms="32" status="PASS">
          <reporter-output>
          </reporter-output>
        </test-method> <!-- setUpTestData -->
        <test-method is-config="true" signature="setUpBrowserTest(java.lang.String)[pri:0, instance:com.testing.amazon.tests.functional.SignUpTest@627d8516]" started-at="2023-11-20T12:49:00 IST" name="setUpBrowserTest" finished-at="2023-11-20T12:49:10 IST" duration-ms="10602" status="PASS">
          <params>
            <param index="0">
              <value>
                <![CDATA[chrome]]>
              </value>
            </param>
          </params>
          <reporter-output>
          </reporter-output>
        </test-method> <!-- setUpBrowserTest -->
        <test-method is-config="true" signature="setUpSignUpPage()[pri:0, instance:com.testing.amazon.tests.functional.SignUpTest@627d8516]" started-at="2023-11-20T12:49:10 IST" name="setUpSignUpPage" finished-at="2023-11-20T12:49:21 IST" duration-ms="10391" status="PASS">
          <reporter-output>
          </reporter-output>
        </test-method> <!-- setUpSignUpPage -->
        <test-method signature="signUpWithEmptyCredTest(java.lang.String,java.lang.String,java.lang.String,java.lang.String,java.lang.String)[pri:0, instance:com.testing.amazon.tests.functional.SignUpTest@627d8516]" started-at="2023-11-20T12:49:21 IST" name="signUpWithEmptyCredTest" description="Verify that the signUp process should not proceed to next step with empty cred and also checking that proper error message displayed." data-provider="signUpData" finished-at="2023-11-20T12:49:21 IST" duration-ms="659" status="PASS">
          <params>
            <param index="0">
              <value>
                <![CDATA[]]>
              </value>
            </param>
            <param index="1">
              <value>
                <![CDATA[]]>
              </value>
            </param>
            <param index="2">
              <value>
                <![CDATA[]]>
              </value>
            </param>
            <param index="3">
              <value>
                <![CDATA[]]>
              </value>
            </param>
            <param index="4">
              <value>
                <![CDATA[signUpWithEmptyCredTest]]>
              </value>
            </param>
          </params>
          <reporter-output>
          </reporter-output>
        </test-method> <!-- signUpWithEmptyCredTest -->
        <test-method is-config="true" signature="tearDownTest(org.testng.ITestResult)[pri:0, instance:com.testing.amazon.tests.functional.SignUpTest@627d8516]" started-at="2023-11-20T12:49:21 IST" name="tearDownTest" finished-at="2023-11-20T12:49:22 IST" duration-ms="810" status="PASS">
          <params>
            <param index="0">
              <value>
                <![CDATA[[TestResult name=signUpWithEmptyCredTest status=SUCCESS method=SignUpTest.signUpWithEmptyCredTest(java.lang.String,java.lang.String,java.lang.String,java.lang.String,java.lang.String)[pri:0, instance:com.testing.amazon.tests.functional.SignUpTest@627d8516] output={null}]]]>
              </value>
            </param>
          </params>
          <reporter-output>
          </reporter-output>
        </test-method> <!-- tearDownTest -->
      </class> <!-- com.testing.amazon.tests.functional.SignUpTest -->
    </test> <!-- FunctionalTests -->
  </suite> <!-- MyFIUSuite -->
</testng-results>
