<?xml version="1.0" encoding="UTF-8"?>
<testsuite xmlns:xsi="http://www.w3.org/2001/XMLSchema-instance" xsi:noNamespaceSchemaLocation="https://maven.apache.org/surefire/maven-surefire-plugin/xsd/surefire-test-report-3.0.xsd" version="3.0" name="TestSuite" time="382.311" tests="14" errors="0" skipped="0" failures="2">
  <properties>
[...]
</properties>
  <testcase name="signUpWithEmptyCredTest[, , , , signUpWithEmptyCredTest](1)" classname="com.testing.amazon.tests.functional.SignUpTest" time="0.695">
    <system-out><![CDATA[Test
org.openqa.selenium.chrome.ChromeDriver
Amazon Registration
Test Method: signUpWithEmptyCredTest
Test Description: Verify that the signUp process should not proceed to next step with empty cred and also checking that proper error message displayed.
Test Status: PASSED

Parameters:
Username: 
Phone number/Email-id: 
Password: 
Re-enter Password: 
methodName: signUpWithEmptyCredTest


Taking Screen shot
]]></system-out>
    <system-err><![CDATA[SLF4J: Failed to load class "org.slf4j.impl.StaticLoggerBinder".
SLF4J: Defaulting to no-operation (NOP) logger implementation
SLF4J: See http://www.slf4j.org/codes.html#StaticLoggerBinder for further details.
Nov 20, 2023 1:26:28 PM org.openqa.selenium.devtools.CdpVersionFinder findNearestMatch
WARNING: Unable to find an exact match for CDP version 119, so returning the closest version found: 117
]]></system-err>
  </testcase>
  <testcase name="signUpWithInvalidEmailTest[Abinaya, 4545df, 123456, 123456, signUpWithInvalidEmailTest](1)" classname="com.testing.amazon.tests.functional.SignUpTest" time="0.676">
    <system-out><![CDATA[Test
org.openqa.selenium.chrome.ChromeDriver
Amazon Registration
Test MethodAmazon Registration
Test Method: signUpWithInvalidEmailTest
Test Description: Verify that the signUp process should not proceed to next step with invalid email-id and also checking that proper error message displayed.
Test Status: PASSED

Parameters:
Username: Abinaya
Phone number/Email-id: 4545df
Password: 123456
Re-enter Password: 123456
methodName: signUpWithInvalidEmailTest


Taking Screen shot
]]></system-out>
    <system-err><![CDATA[Nov 20, 2023 1:26:44 PM org.openqa.selenium.devtools.CdpVersionFinder findNearestMatch
WARNING: Unable to find an exact match for CDP version 119, so returning the closest version found: 117
]]></system-err>
  </testcase>
  <testcase name="signUpWithInvalidEmailTest[Abinaya, invalid_email.com, 123456, 123456, signUpWithInvalidEmailTest](2)" classname="com.testing.amazon.tests.functional.SignUpTest" time="0.857">
    <system-out><![CDATA[Test
org.openqa.selenium.chrome.ChromeDriver
Amazon Registration
Test MethodAmazon Registration
Test Method: signUpWithInvalidEmailTest
Test Description: Verify that the signUp process should not proceed to next step with invalid email-id and also checking that proper error message displayed.
Test Status: PASSED

Parameters:
Username: Abinaya
Phone number/Email-id: invalid_email.com
Password: 123456
Re-enter Password: 123456
methodName: signUpWithInvalidEmailTest


Taking Screen shot
]]></system-out>
    <system-err><![CDATA[Nov 20, 2023 1:27:00 PM org.openqa.selenium.devtools.CdpVersionFinder findNearestMatch
WARNING: Unable to find an exact match for CDP version 119, so returning the closest version found: 117
]]></system-err>
  </testcase>
  <testcase name="signUpWithInvalidEmailTest[Abinaya, @invalidemail.com, 123456, 123456, signUpWithInvalidEmailTest](3)" classname="com.testing.amazon.tests.functional.SignUpTest" time="1.066">
    <system-out><![CDATA[Test
org.openqa.selenium.chrome.ChromeDriver
Amazon Registration
Test MethodAmazon Registration
Test Method: signUpWithInvalidEmailTest
Test Description: Verify that the signUp process should not proceed to next step with invalid email-id and also checking that proper error message displayed.
Test Status: PASSED

Parameters:
Username: Abinaya
Phone number/Email-id: @invalidemail.com
Password: 123456
Re-enter Password: 123456
methodName: signUpWithInvalidEmailTest


Taking Screen shot
]]></system-out>
    <system-err><![CDATA[Nov 20, 2023 1:27:13 PM org.openqa.selenium.devtools.CdpVersionFinder findNearestMatch
WARNING: Unable to find an exact match for CDP version 119, so returning the closest version found: 117
]]></system-err>
  </testcase>
  <testcase name="signUpWithInvalidEmailTest[Abinaya, invalid@domain., 123456, 123456, signUpWithInvalidEmailTest](4)" classname="com.testing.amazon.tests.functional.SignUpTest" time="0.819">
    <system-out><![CDATA[Test
org.openqa.selenium.chrome.ChromeDriver
Amazon Registration
Test MethodAmazon Registration
Test Method: signUpWithInvalidEmailTest
Test Description: Verify that the signUp process should not proceed to next step with invalid email-id and also checking that proper error message displayed.
Test Status: PASSED

Parameters:
Username: Abinaya
Phone number/Email-id: invalid@domain.
Password: 123456
Re-enter Password: 123456
methodName: signUpWithInvalidEmailTest


Taking Screen shot
]]></system-out>
    <system-err><![CDATA[Nov 20, 2023 1:27:37 PM org.openqa.selenium.devtools.CdpVersionFinder findNearestMatch
WARNING: Unable to find an exact match for CDP version 119, so returning the closest version found: 117
]]></system-err>
  </testcase>
  <testcase name="signUpWithInvalidPasswordCheckTest[Goodwill, tamil@gmail.com, 123456d, 123456ds, signUpWithInvalidPasswordCheckTest](1)" classname="com.testing.amazon.tests.functional.SignUpTest" time="0.847">
    <system-out><![CDATA[Test
org.openqa.selenium.chrome.ChromeDriver
Amazon Registration
signUpWithInvalidPasswordCheckTest Amazon Registration
Test Method: signUpWithInvalidPasswordCheckTest
Test Description: Verify that the signUp process should not proceed to next step with invalid re-enter password and also checking that proper error message displayed.
Test Status: PASSED

Parameters:
Username: Goodwill
Phone number/Email-id: tamil@gmail.com
Password: 123456d
Re-enter Password: 123456ds
methodName: signUpWithInvalidPasswordCheckTest


Taking Screen shot
]]></system-out>
    <system-err><![CDATA[Nov 20, 2023 1:27:52 PM org.openqa.selenium.devtools.CdpVersionFinder findNearestMatch
WARNING: Unable to find an exact match for CDP version 119, so returning the closest version found: 117
]]></system-err>
  </testcase>
  <testcase name="signUpWithInvalidPasswordCheckTest[Goodwill, tamil@gmail.com, 11456dcv, 11456sdcv, signUpWithInvalidPasswordCheckTest](2)" classname="com.testing.amazon.tests.functional.SignUpTest" time="0.572">
    <system-out><![CDATA[Test
org.openqa.selenium.chrome.ChromeDriver
Amazon Registration
signUpWithInvalidPasswordCheckTest Amazon Registration
Test Method: signUpWithInvalidPasswordCheckTest
Test Description: Verify that the signUp process should not proceed to next step with invalid re-enter password and also checking that proper error message displayed.
Test Status: PASSED

Parameters:
Username: Goodwill
Phone number/Email-id: tamil@gmail.com
Password: 11456dcv
Re-enter Password: 11456sdcv
methodName: signUpWithInvalidPasswordCheckTest


Taking Screen shot
]]></system-out>
    <system-err><![CDATA[Nov 20, 2023 1:28:11 PM org.openqa.selenium.devtools.CdpVersionFinder findNearestMatch
WARNING: Unable to find an exact match for CDP version 119, so returning the closest version found: 117
]]></system-err>
  </testcase>
  <testcase name="signUpWithInvalidPasswordTest[Goodwill, tamil@gmail.com, sd, , signUpWithInvalidPasswordTest](1)" classname="com.testing.amazon.tests.functional.SignUpTest" time="0.659">
    <system-out><![CDATA[Test
org.openqa.selenium.chrome.ChromeDriver
Amazon Registration
signUpWithInvalidPasswordTest Amazon Registration
Test Method: signUpWithInvalidPasswordTest
Test Description: Verify that the signUp process should not proceed to next step with invalid password and also checking that proper error message displayed.
Test Status: PASSED

Parameters:
Username: Goodwill
Phone number/Email-id: tamil@gmail.com
Password: sd
Re-enter Password: 
methodName: signUpWithInvalidPasswordTest


Taking Screen shot
]]></system-out>
    <system-err><![CDATA[Nov 20, 2023 1:28:26 PM org.openqa.selenium.devtools.CdpVersionFinder findNearestMatch
WARNING: Unable to find an exact match for CDP version 119, so returning the closest version found: 117
]]></system-err>
  </testcase>
  <testcase name="signUpWithInvalidPasswordTest[Goodwill, tamil@gmail.com, 123, , signUpWithInvalidPasswordTest](2)" classname="com.testing.amazon.tests.functional.SignUpTest" time="0.644">
    <system-out><![CDATA[Test
org.openqa.selenium.chrome.ChromeDriver
Amazon Registration
signUpWithInvalidPasswordTest Amazon Registration
Test Method: signUpWithInvalidPasswordTest
Test Description: Verify that the signUp process should not proceed to next step with invalid password and also checking that proper error message displayed.
Test Status: PASSED

Parameters:
Username: Goodwill
Phone number/Email-id: tamil@gmail.com
Password: 123
Re-enter Password: 
methodName: signUpWithInvalidPasswordTest


Taking Screen shot
]]></system-out>
    <system-err><![CDATA[Nov 20, 2023 1:28:41 PM org.openqa.selenium.devtools.CdpVersionFinder findNearestMatch
WARNING: Unable to find an exact match for CDP version 119, so returning the closest version found: 117
]]></system-err>
  </testcase>
  <testcase name="signUpWithInvalidPhoneNumberTest[Adhithya, +91-8485465416531, 123456, 123456, signUpWithInvalidPhoneNumberTest](1)" classname="com.testing.amazon.tests.functional.SignUpTest" time="16.064">
    <failure message="Going to next step of signUp after entering invalid Mobile number. expected [Please enter a valid mobile phone number with area code.] but found [Amazon Phone Verification]" type="java.lang.AssertionError"><![CDATA[java.lang.AssertionError: Going to next step of signUp after entering invalid Mobile number. expected [Please enter a valid mobile phone number with area code.] but found [Amazon Phone Verification]
	at com.testing.amazon.tests.functional.SignUpTest.signUpWithInvalidPhoneNumberTest(SignUpTest.java:137)
]]></failure>
    <system-out><![CDATA[Test
org.openqa.selenium.chrome.ChromeDriver
Amazon Registration
Test Captcha Authentication required
Please solve the captcha and press Enter once done.
Captcha Resolved Amazon Phone Verification
Amazon Phone Verification
Taking Screen shot
]]></system-out>
    <system-err><![CDATA[Nov 20, 2023 1:28:58 PM org.openqa.selenium.devtools.CdpVersionFinder findNearestMatch
WARNING: Unable to find an exact match for CDP version 119, so returning the closest version found: 117
]]></system-err>
  </testcase>
  <testcase name="signUpWithInvalidPhoneNumberTest[Abinaya, 11, 123456, 123456, signUpWithInvalidPhoneNumberTest](2)" classname="com.testing.amazon.tests.functional.SignUpTest" time="25.235">
    <system-out><![CDATA[Test
org.openqa.selenium.chrome.ChromeDriver
Amazon Registration
Test Captcha Authentication required
Please solve the captcha and press Enter once done.
Captcha Resolved Amazon Registration
Amazon Registration
Test Method: signUpWithInvalidPhoneNumberTest
Test Description: Verify that the signUp process should not proceed to next step with invalid phone Number and also checking that proper error message displayed.
Test Status: PASSED

Parameters:
Username: Abinaya
Phone number/Email-id: 11
Password: 123456
Re-enter Password: 123456
methodName: signUpWithInvalidPhoneNumberTest


Taking Screen shot
]]></system-out>
    <system-err><![CDATA[Nov 20, 2023 1:29:29 PM org.openqa.selenium.devtools.CdpVersionFinder findNearestMatch
WARNING: Unable to find an exact match for CDP version 119, so returning the closest version found: 117
]]></system-err>
  </testcase>
  <testcase name="signUpWithInvalidPhoneNumberTest[Abinaya, 100000000000, 123456, 123456, signUpWithInvalidPhoneNumberTest](3)" classname="com.testing.amazon.tests.functional.SignUpTest" time="90.106">
    <system-out><![CDATA[Test
org.openqa.selenium.chrome.ChromeDriver
Amazon Registration
Test Captcha Authentication required
Please solve the captcha and press Enter once done.
Captcha Resolved Amazon Registration
Amazon Registration
Test Method: signUpWithInvalidPhoneNumberTest
Test Description: Verify that the signUp process should not proceed to next step with invalid phone Number and also checking that proper error message displayed.
Test Status: PASSED

Parameters:
Username: Abinaya
Phone number/Email-id: 100000000000
Password: 123456
Re-enter Password: 123456
methodName: signUpWithInvalidPhoneNumberTest


Taking Screen shot
]]></system-out>
    <system-err><![CDATA[Nov 20, 2023 1:30:09 PM org.openqa.selenium.devtools.CdpVersionFinder findNearestMatch
WARNING: Unable to find an exact match for CDP version 119, so returning the closest version found: 117
]]></system-err>
  </testcase>
  <testcase name="signUpWithInvalidUserNameTest[â€¦, +15736484306, 123456, 123456, signUpWithInvalidUserNameTest](1)" classname="com.testing.amazon.tests.functional.SignUpTest" time="1.428">
    <system-out><![CDATA[Test
org.openqa.selenium.chrome.ChromeDriver
Amazon Registration
Amazon Registration
Test Captcha Amazon Registration
Amazon Registration
Test Method: signUpWithInvalidUserNameTest
Test Description: Verify that the signUp process should not proceed to next step with invalid user name.
Test Status: PASSED

Parameters:
Username: â€¦
Phone number/Email-id: +15736484306
Password: 123456
Re-enter Password: 123456
methodName: signUpWithInvalidUserNameTest


Taking Screen shot
]]></system-out>
    <system-err><![CDATA[Nov 20, 2023 1:31:53 PM org.openqa.selenium.devtools.CdpVersionFinder findNearestMatch
WARNING: Unable to find an exact match for CDP version 119, so returning the closest version found: 117
]]></system-err>
  </testcase>
  <testcase name="signUpWithInvalidUserNameTest[123456, +15736484306, 123456, 123456, signUpWithInvalidUserNameTest](2)" classname="com.testing.amazon.tests.functional.SignUpTest" time="20.262">
    <failure message="Going to next step of signUp after entering invalid user name. did not expect [Amazon Phone Verification] but found [Amazon Phone Verification]" type="java.lang.AssertionError"><![CDATA[java.lang.AssertionError: Going to next step of signUp after entering invalid user name. did not expect [Amazon Phone Verification] but found [Amazon Phone Verification]
	at com.testing.amazon.tests.functional.SignUpTest.signUpWithInvalidUserNameTest(SignUpTest.java:107)
]]></failure>
    <system-out><![CDATA[Test
org.openqa.selenium.chrome.ChromeDriver
Amazon Registration
Amazon Registration
Test Captcha Authentication required
Please solve the captcha and press Enter once done.
Captcha Resolved Amazon Phone Verification
Amazon Phone Verification
Taking Screen shot
]]></system-out>
    <system-err><![CDATA[Nov 20, 2023 1:32:11 PM org.openqa.selenium.devtools.CdpVersionFinder findNearestMatch
WARNING: Unable to find an exact match for CDP version 119, so returning the closest version found: 117
]]></system-err>
  </testcase>
</testsuite>